# JRE version: OpenJDK Runtime Environment (17.0.11) (build 17.0.11+0--11852314)
# Java VM: OpenJDK 64-Bit Server VM (17.0.11+0--11852314, mixed mode, tiered, compressed oops, compressed class ptrs, g1 gc, windows-amd64)
GC Precious Log:
 CPUs: 16 total, 16 available
 Memory: 16176M
 Large Page Support: Disabled
 NUMA Support: Disabled
 Compressed Oops: Enabled (32-bit)
 Heap Region Size: 1M
 Heap Min Capacity: 8M
 Heap Initial Capacity: 254M
 Heap Max Capacity: 2G
 Pre-touch: Disabled
 Parallel Workers: 13
 Concurrent Workers: 3
 Concurrent Refinement Workers: 13
 Periodic GC: Disabled
Heap:
 garbage-first heap   total 334848K, used 314217K [0x0000000080000000, 0x0000000100000000)
  region size 1024K, 16 young (16384K), 4 survivors (4096K)
 Metaspace       used 111441K, committed 112192K, reserved 1179648K
  class space    used 15414K, committed 15808K, reserved 1048576K
GC Heap History (20 events):
Event: 5.887 GC heap before
{Heap before GC invocations=29 (full 0):
 garbage-first heap   total 252928K, used 201322K [0x0000000080000000, 0x0000000100000000)
  region size 1024K, 115 young (117760K), 5 survivors (5120K)
 Metaspace       used 98635K, committed 99328K, reserved 1179648K
  class space    used 13660K, committed 14016K, reserved 1048576K
}
Event: 5.891 GC heap after
{Heap after GC invocations=30 (full 0):
 garbage-first heap   total 252928K, used 94981K [0x0000000080000000, 0x0000000100000000)
  region size 1024K, 11 young (11264K), 11 survivors (11264K)
 Metaspace       used 98635K, committed 99328K, reserved 1179648K
  class space    used 13660K, committed 14016K, reserved 1048576K
}
Event: 6.400 GC heap before
{Heap before GC invocations=30 (full 0):
 garbage-first heap   total 252928K, used 202501K [0x0000000080000000, 0x0000000100000000)
  region size 1024K, 117 young (119808K), 11 survivors (11264K)
 Metaspace       used 102385K, committed 103168K, reserved 1179648K
  class space    used 14251K, committed 14656K, reserved 1048576K
}
Event: 6.406 GC heap after
{Heap after GC invocations=31 (full 0):
 garbage-first heap   total 252928K, used 104188K [0x0000000080000000, 0x0000000100000000)
  region size 1024K, 15 young (15360K), 15 survivors (15360K)
 Metaspace       used 102385K, committed 103168K, reserved 1179648K
  class space    used 14251K, committed 14656K, reserved 1048576K
}
Event: 6.713 GC heap before
{Heap before GC invocations=31 (full 0):
 garbage-first heap   total 252928K, used 202492K [0x0000000080000000, 0x0000000100000000)
  region size 1024K, 112 young (114688K), 15 survivors (15360K)
 Metaspace       used 103065K, committed 103808K, reserved 1179648K
  class space    used 14344K, committed 14720K, reserved 1048576K
}
Event: 6.719 GC heap after
{Heap after GC invocations=32 (full 0):
 garbage-first heap   total 252928K, used 109515K [0x0000000080000000, 0x0000000100000000)
  region size 1024K, 7 young (7168K), 7 survivors (7168K)
 Metaspace       used 103065K, committed 103808K, reserved 1179648K
  class space    used 14344K, committed 14720K, reserved 1048576K
}
Event: 7.030 GC heap before
{Heap before GC invocations=32 (full 0):
 garbage-first heap   total 252928K, used 204747K [0x0000000080000000, 0x0000000100000000)
  region size 1024K, 101 young (103424K), 7 survivors (7168K)
 Metaspace       used 103817K, committed 104576K, reserved 1179648K
  class space    used 14455K, committed 14848K, reserved 1048576K
}
Event: 7.033 GC heap after
{Heap after GC invocations=33 (full 0):
 garbage-first heap   total 252928K, used 112705K [0x0000000080000000, 0x0000000100000000)
  region size 1024K, 11 young (11264K), 11 survivors (11264K)
 Metaspace       used 103817K, committed 104576K, reserved 1179648K
  class space    used 14455K, committed 14848K, reserved 1048576K
}
Event: 7.301 GC heap before
{Heap before GC invocations=33 (full 0):
 garbage-first heap   total 252928K, used 204865K [0x0000000080000000, 0x0000000100000000)
  region size 1024K, 102 young (104448K), 11 survivors (11264K)
 Metaspace       used 106773K, committed 107584K, reserved 1179648K
  class space    used 14818K, committed 15232K, reserved 1048576K
}
Event: 7.306 GC heap after
{Heap after GC invocations=34 (full 0):
 garbage-first heap   total 252928K, used 117946K [0x0000000080000000, 0x0000000100000000)
  region size 1024K, 12 young (12288K), 12 survivors (12288K)
 Metaspace       used 106773K, committed 107584K, reserved 1179648K
  class space    used 14818K, committed 15232K, reserved 1048576K
}
Event: 7.462 GC heap before
{Heap before GC invocations=34 (full 0):
 garbage-first heap   total 252928K, used 193722K [0x0000000080000000, 0x0000000100000000)
  region size 1024K, 71 young (72704K), 12 survivors (12288K)
 Metaspace       used 108073K, committed 108864K, reserved 1179648K
  class space    used 14895K, committed 15296K, reserved 1048576K
}
Event: 7.468 GC heap after
{Heap after GC invocations=35 (full 0):
 garbage-first heap   total 252928K, used 134409K [0x0000000080000000, 0x0000000100000000)
  region size 1024K, 7 young (7168K), 7 survivors (7168K)
 Metaspace       used 108073K, committed 108864K, reserved 1179648K
  class space    used 14895K, committed 15296K, reserved 1048576K
}
Event: 7.497 GC heap before
{Heap before GC invocations=35 (full 0):
 garbage-first heap   total 252928K, used 165129K [0x0000000080000000, 0x0000000100000000)
  region size 1024K, 8 young (8192K), 7 survivors (7168K)
 Metaspace       used 108073K, committed 108864K, reserved 1179648K
  class space    used 14895K, committed 15296K, reserved 1048576K
}
Event: 7.500 GC heap after
{Heap after GC invocations=36 (full 0):
 garbage-first heap   total 252928K, used 165209K [0x0000000080000000, 0x0000000100000000)
  region size 1024K, 1 young (1024K), 1 survivors (1024K)
 Metaspace       used 108073K, committed 108864K, reserved 1179648K
  class space    used 14895K, committed 15296K, reserved 1048576K
}
Event: 7.830 GC heap before
{Heap before GC invocations=37 (full 0):
 garbage-first heap   total 334848K, used 299353K [0x0000000080000000, 0x0000000100000000)
  region size 1024K, 43 young (44032K), 1 survivors (1024K)
 Metaspace       used 111225K, committed 112000K, reserved 1179648K
  class space    used 15374K, committed 15744K, reserved 1048576K
}
Event: 7.833 GC heap after
{Heap after GC invocations=38 (full 0):
 garbage-first heap   total 334848K, used 252892K [0x0000000080000000, 0x0000000100000000)
  region size 1024K, 6 young (6144K), 6 survivors (6144K)
 Metaspace       used 111225K, committed 112000K, reserved 1179648K
  class space    used 15374K, committed 15744K, reserved 1048576K
}
Event: 7.847 GC heap before
{Heap before GC invocations=38 (full 0):
 garbage-first heap   total 334848K, used 319452K [0x0000000080000000, 0x0000000100000000)
  region size 1024K, 16 young (16384K), 6 survivors (6144K)
 Metaspace       used 111227K, committed 112000K, reserved 1179648K
  class space    used 15374K, committed 15744K, reserved 1048576K
}
Event: 7.850 GC heap after
{Heap after GC invocations=39 (full 0):
 garbage-first heap   total 334848K, used 259817K [0x0000000080000000, 0x0000000100000000)
  region size 1024K, 2 young (2048K), 2 survivors (2048K)
 Metaspace       used 111227K, committed 112000K, reserved 1179648K
  class space    used 15374K, committed 15744K, reserved 1048576K
}
Event: 7.851 GC heap before
{Heap before GC invocations=39 (full 0):
 garbage-first heap   total 334848K, used 259817K [0x0000000080000000, 0x0000000100000000)
  region size 1024K, 4 young (4096K), 2 survivors (2048K)
 Metaspace       used 111227K, committed 112000K, reserved 1179648K
  class space    used 15374K, committed 15744K, reserved 1048576K
}
Event: 7.852 GC heap after
{Heap after GC invocations=40 (full 0):
 garbage-first heap   total 334848K, used 260969K [0x0000000080000000, 0x0000000100000000)
  region size 1024K, 4 young (4096K), 4 survivors (4096K)
 Metaspace       used 111227K, committed 112000K, reserved 1179648K
  class space    used 15374K, committed 15744K, reserved 1048576K
}

