# JRE version: OpenJDK Runtime Environment (17.0.11) (build 17.0.11+0--11852314)
# Java VM: OpenJDK 64-Bit Server VM (17.0.11+0--11852314, mixed mode, tiered, compressed oops, compressed class ptrs, g1 gc, windows-amd64)
GC Precious Log:
 CPUs: 16 total, 16 available
 Memory: 16176M
 Large Page Support: Disabled
 NUMA Support: Disabled
 Compressed Oops: Enabled (32-bit)
 Heap Region Size: 1M
 Heap Min Capacity: 8M
 Heap Initial Capacity: 254M
 Heap Max Capacity: 2G
 Pre-touch: Disabled
 Parallel Workers: 13
 Concurrent Workers: 3
 Concurrent Refinement Workers: 13
 Periodic GC: Disabled
Heap:
 garbage-first heap   total 352256K, used 305771K [0x0000000080000000, 0x0000000100000000)
  region size 1024K, 9 young (9216K), 1 survivors (1024K)
 Metaspace       used 135339K, committed 136512K, reserved 1179648K
  class space    used 18634K, committed 19264K, reserved 1048576K
GC Heap History (20 events):
Event: 9.729 GC heap before
{Heap before GC invocations=34 (full 0):
 garbage-first heap   total 352256K, used 297556K [0x0000000080000000, 0x0000000100000000)
  region size 1024K, 116 young (118784K), 2 survivors (2048K)
 Metaspace       used 123817K, committed 124736K, reserved 1179648K
  class space    used 17103K, committed 17536K, reserved 1048576K
}
Event: 9.733 GC heap after
{Heap after GC invocations=35 (full 0):
 garbage-first heap   total 352256K, used 184850K [0x0000000080000000, 0x0000000100000000)
  region size 1024K, 10 young (10240K), 10 survivors (10240K)
 Metaspace       used 123817K, committed 124736K, reserved 1179648K
  class space    used 17103K, committed 17536K, reserved 1048576K
}
Event: 10.550 GC heap before
{Heap before GC invocations=36 (full 0):
 garbage-first heap   total 352256K, used 291346K [0x0000000080000000, 0x0000000100000000)
  region size 1024K, 115 young (117760K), 10 survivors (10240K)
 Metaspace       used 127444K, committed 128448K, reserved 1179648K
  class space    used 17500K, committed 17984K, reserved 1048576K
}
Event: 10.557 GC heap after
{Heap after GC invocations=37 (full 0):
 garbage-first heap   total 352256K, used 194545K [0x0000000080000000, 0x0000000100000000)
  region size 1024K, 12 young (12288K), 12 survivors (12288K)
 Metaspace       used 127444K, committed 128448K, reserved 1179648K
  class space    used 17500K, committed 17984K, reserved 1048576K
}
Event: 10.624 GC heap before
{Heap before GC invocations=37 (full 0):
 garbage-first heap   total 352256K, used 199665K [0x0000000080000000, 0x0000000100000000)
  region size 1024K, 17 young (17408K), 12 survivors (12288K)
 Metaspace       used 127693K, committed 128576K, reserved 1179648K
  class space    used 17537K, committed 17984K, reserved 1048576K
}
Event: 10.628 GC heap after
{Heap after GC invocations=38 (full 0):
 garbage-first heap   total 352256K, used 195367K [0x0000000080000000, 0x0000000100000000)
  region size 1024K, 3 young (3072K), 3 survivors (3072K)
 Metaspace       used 127693K, committed 128576K, reserved 1179648K
  class space    used 17537K, committed 17984K, reserved 1048576K
}
Event: 17.944 GC heap before
{Heap before GC invocations=38 (full 0):
 garbage-first heap   total 352256K, used 290599K [0x0000000080000000, 0x0000000100000000)
  region size 1024K, 96 young (98304K), 3 survivors (3072K)
 Metaspace       used 129621K, committed 130624K, reserved 1179648K
  class space    used 17788K, committed 18304K, reserved 1048576K
}
Event: 17.946 GC heap after
{Heap after GC invocations=39 (full 0):
 garbage-first heap   total 352256K, used 198994K [0x0000000080000000, 0x0000000100000000)
  region size 1024K, 6 young (6144K), 6 survivors (6144K)
 Metaspace       used 129621K, committed 130624K, reserved 1179648K
  class space    used 17788K, committed 18304K, reserved 1048576K
}
Event: 18.741 GC heap before
{Heap before GC invocations=39 (full 0):
 garbage-first heap   total 352256K, used 291154K [0x0000000080000000, 0x0000000100000000)
  region size 1024K, 97 young (99328K), 6 survivors (6144K)
 Metaspace       used 132650K, committed 133760K, reserved 1179648K
  class space    used 18212K, committed 18752K, reserved 1048576K
}
Event: 18.748 GC heap after
{Heap after GC invocations=40 (full 0):
 garbage-first heap   total 352256K, used 209435K [0x0000000080000000, 0x0000000100000000)
  region size 1024K, 13 young (13312K), 13 survivors (13312K)
 Metaspace       used 132650K, committed 133760K, reserved 1179648K
  class space    used 18212K, committed 18752K, reserved 1048576K
}
Event: 19.116 GC heap before
{Heap before GC invocations=40 (full 0):
 garbage-first heap   total 352256K, used 292379K [0x0000000080000000, 0x0000000100000000)
  region size 1024K, 95 young (97280K), 13 survivors (13312K)
 Metaspace       used 133148K, committed 134208K, reserved 1179648K
  class space    used 18294K, committed 18816K, reserved 1048576K
}
Event: 19.122 GC heap after
{Heap after GC invocations=41 (full 0):
 garbage-first heap   total 352256K, used 218082K [0x0000000080000000, 0x0000000100000000)
  region size 1024K, 9 young (9216K), 9 survivors (9216K)
 Metaspace       used 133148K, committed 134208K, reserved 1179648K
  class space    used 18294K, committed 18816K, reserved 1048576K
}
Event: 19.301 GC heap before
{Heap before GC invocations=41 (full 0):
 garbage-first heap   total 352256K, used 292834K [0x0000000080000000, 0x0000000100000000)
  region size 1024K, 83 young (84992K), 9 survivors (9216K)
 Metaspace       used 133292K, committed 134400K, reserved 1179648K
  class space    used 18318K, committed 18880K, reserved 1048576K
}
Event: 19.306 GC heap after
{Heap after GC invocations=42 (full 0):
 garbage-first heap   total 352256K, used 222752K [0x0000000080000000, 0x0000000100000000)
  region size 1024K, 7 young (7168K), 7 survivors (7168K)
 Metaspace       used 133292K, committed 134400K, reserved 1179648K
  class space    used 18318K, committed 18880K, reserved 1048576K
}
Event: 19.551 GC heap before
{Heap before GC invocations=42 (full 0):
 garbage-first heap   total 352256K, used 294432K [0x0000000080000000, 0x0000000100000000)
  region size 1024K, 78 young (79872K), 7 survivors (7168K)
 Metaspace       used 134536K, committed 135680K, reserved 1179648K
  class space    used 18521K, committed 19072K, reserved 1048576K
}
Event: 19.555 GC heap after
{Heap after GC invocations=43 (full 0):
 garbage-first heap   total 352256K, used 225179K [0x0000000080000000, 0x0000000100000000)
  region size 1024K, 5 young (5120K), 5 survivors (5120K)
 Metaspace       used 134536K, committed 135680K, reserved 1179648K
  class space    used 18521K, committed 19072K, reserved 1048576K
}
Event: 19.727 GC heap before
{Heap before GC invocations=43 (full 0):
 garbage-first heap   total 352256K, used 307099K [0x0000000080000000, 0x0000000100000000)
  region size 1024K, 75 young (76800K), 5 survivors (5120K)
 Metaspace       used 135121K, committed 136256K, reserved 1179648K
  class space    used 18602K, committed 19200K, reserved 1048576K
}
Event: 19.731 GC heap after
{Heap after GC invocations=44 (full 0):
 garbage-first heap   total 352256K, used 241837K [0x0000000080000000, 0x0000000100000000)
  region size 1024K, 9 young (9216K), 9 survivors (9216K)
 Metaspace       used 135121K, committed 136256K, reserved 1179648K
  class space    used 18602K, committed 19200K, reserved 1048576K
}
Event: 19.755 GC heap before
{Heap before GC invocations=44 (full 0):
 garbage-first heap   total 352256K, used 272557K [0x0000000080000000, 0x0000000100000000)
  region size 1024K, 10 young (10240K), 9 survivors (9216K)
 Metaspace       used 135121K, committed 136256K, reserved 1179648K
  class space    used 18602K, committed 19200K, reserved 1048576K
}
Event: 19.758 GC heap after
{Heap after GC invocations=45 (full 0):
 garbage-first heap   total 352256K, used 273003K [0x0000000080000000, 0x0000000100000000)
  region size 1024K, 1 young (1024K), 1 survivors (1024K)
 Metaspace       used 135121K, committed 136256K, reserved 1179648K
  class space    used 18602K, committed 19200K, reserved 1048576K
}

