# JRE version: OpenJDK Runtime Environment (17.0.11) (build 17.0.11+0--11852314)
# Java VM: OpenJDK 64-Bit Server VM (17.0.11+0--11852314, mixed mode, tiered, compressed oops, compressed class ptrs, g1 gc, windows-amd64)
GC Precious Log:
 CPUs: 16 total, 16 available
 Memory: 16176M
 Large Page Support: Disabled
 NUMA Support: Disabled
 Compressed Oops: Enabled (32-bit)
 Heap Region Size: 1M
 Heap Min Capacity: 8M
 Heap Initial Capacity: 254M
 Heap Max Capacity: 2G
 Pre-touch: Disabled
 Parallel Workers: 13
 Concurrent Workers: 3
 Concurrent Refinement Workers: 13
 Periodic GC: Disabled
Heap:
 garbage-first heap   total 376832K, used 191142K [0x0000000080000000, 0x0000000100000000)
  region size 1024K, 48 young (49152K), 16 survivors (16384K)
 Metaspace       used 129705K, committed 130496K, reserved 1179648K
  class space    used 16827K, committed 17216K, reserved 1048576K
GC Heap History (20 events):
Event: 4.665 GC heap before
{Heap before GC invocations=21 (full 0):
 garbage-first heap   total 140288K, used 83581K [0x0000000080000000, 0x0000000100000000)
  region size 1024K, 6 young (6144K), 3 survivors (3072K)
 Metaspace       used 78278K, committed 78912K, reserved 1179648K
  class space    used 11048K, committed 11328K, reserved 1048576K
}
Event: 4.667 GC heap after
{Heap after GC invocations=22 (full 0):
 garbage-first heap   total 168960K, used 81202K [0x0000000080000000, 0x0000000100000000)
  region size 1024K, 1 young (1024K), 1 survivors (1024K)
 Metaspace       used 78278K, committed 78912K, reserved 1179648K
  class space    used 11048K, committed 11328K, reserved 1048576K
}
Event: 4.778 GC heap before
{Heap before GC invocations=22 (full 0):
 garbage-first heap   total 168960K, used 95538K [0x0000000080000000, 0x0000000100000000)
  region size 1024K, 16 young (16384K), 1 survivors (1024K)
 Metaspace       used 80640K, committed 81408K, reserved 1179648K
  class space    used 11347K, committed 11712K, reserved 1048576K
}
Event: 4.779 GC heap after
{Heap after GC invocations=23 (full 0):
 garbage-first heap   total 168960K, used 81194K [0x0000000080000000, 0x0000000100000000)
  region size 1024K, 1 young (1024K), 1 survivors (1024K)
 Metaspace       used 80640K, committed 81408K, reserved 1179648K
  class space    used 11347K, committed 11712K, reserved 1048576K
}
Event: 4.966 GC heap before
{Heap before GC invocations=24 (full 0):
 garbage-first heap   total 168960K, used 152874K [0x0000000080000000, 0x0000000100000000)
  region size 1024K, 59 young (60416K), 1 survivors (1024K)
 Metaspace       used 80955K, committed 81728K, reserved 1179648K
  class space    used 11356K, committed 11712K, reserved 1048576K
}
Event: 4.973 GC heap after
{Heap after GC invocations=25 (full 0):
 garbage-first heap   total 171008K, used 101281K [0x0000000080000000, 0x0000000100000000)
  region size 1024K, 8 young (8192K), 8 survivors (8192K)
 Metaspace       used 80955K, committed 81728K, reserved 1179648K
  class space    used 11356K, committed 11712K, reserved 1048576K
}
Event: 4.980 GC heap before
{Heap before GC invocations=25 (full 0):
 garbage-first heap   total 171008K, used 102305K [0x0000000080000000, 0x0000000100000000)
  region size 1024K, 9 young (9216K), 8 survivors (8192K)
 Metaspace       used 80955K, committed 81728K, reserved 1179648K
  class space    used 11356K, committed 11712K, reserved 1048576K
}
Event: 4.984 GC heap after
{Heap after GC invocations=26 (full 0):
 garbage-first heap   total 171008K, used 98743K [0x0000000080000000, 0x0000000100000000)
  region size 1024K, 2 young (2048K), 2 survivors (2048K)
 Metaspace       used 80955K, committed 81728K, reserved 1179648K
  class space    used 11356K, committed 11712K, reserved 1048576K
}
Event: 5.071 GC heap before
{Heap before GC invocations=26 (full 0):
 garbage-first heap   total 171008K, used 139703K [0x0000000080000000, 0x0000000100000000)
  region size 1024K, 38 young (38912K), 2 survivors (2048K)
 Metaspace       used 80957K, committed 81728K, reserved 1179648K
  class space    used 11356K, committed 11712K, reserved 1048576K
}
Event: 5.074 GC heap after
{Heap after GC invocations=27 (full 0):
 garbage-first heap   total 171008K, used 108585K [0x0000000080000000, 0x0000000100000000)
  region size 1024K, 5 young (5120K), 5 survivors (5120K)
 Metaspace       used 80957K, committed 81728K, reserved 1179648K
  class space    used 11356K, committed 11712K, reserved 1048576K
}
Event: 5.299 GC heap before
{Heap before GC invocations=28 (full 0):
 garbage-first heap   total 188416K, used 137257K [0x0000000080000000, 0x0000000100000000)
  region size 1024K, 33 young (33792K), 5 survivors (5120K)
 Metaspace       used 83996K, committed 84672K, reserved 1179648K
  class space    used 11731K, committed 12096K, reserved 1048576K
}
Event: 5.301 GC heap after
{Heap after GC invocations=29 (full 0):
 garbage-first heap   total 188416K, used 111020K [0x0000000080000000, 0x0000000100000000)
  region size 1024K, 2 young (2048K), 2 survivors (2048K)
 Metaspace       used 83996K, committed 84672K, reserved 1179648K
  class space    used 11731K, committed 12096K, reserved 1048576K
}
Event: 5.349 GC heap before
{Heap before GC invocations=29 (full 0):
 garbage-first heap   total 188416K, used 117164K [0x0000000080000000, 0x0000000100000000)
  region size 1024K, 9 young (9216K), 2 survivors (2048K)
 Metaspace       used 84836K, committed 85568K, reserved 1179648K
  class space    used 11820K, committed 12160K, reserved 1048576K
}
Event: 5.351 GC heap after
{Heap after GC invocations=30 (full 0):
 garbage-first heap   total 376832K, used 111513K [0x0000000080000000, 0x0000000100000000)
  region size 1024K, 1 young (1024K), 1 survivors (1024K)
 Metaspace       used 84836K, committed 85568K, reserved 1179648K
  class space    used 11820K, committed 12160K, reserved 1048576K
}
Event: 6.395 GC heap before
{Heap before GC invocations=30 (full 0):
 garbage-first heap   total 376832K, used 270233K [0x0000000080000000, 0x0000000100000000)
  region size 1024K, 139 young (142336K), 1 survivors (1024K)
 Metaspace       used 99829K, committed 100608K, reserved 1179648K
  class space    used 13435K, committed 13824K, reserved 1048576K
}
Event: 6.400 GC heap after
{Heap after GC invocations=31 (full 0):
 garbage-first heap   total 376832K, used 136864K [0x0000000080000000, 0x0000000100000000)
  region size 1024K, 11 young (11264K), 11 survivors (11264K)
 Metaspace       used 99829K, committed 100608K, reserved 1179648K
  class space    used 13435K, committed 13824K, reserved 1048576K
}
Event: 7.441 GC heap before
{Heap before GC invocations=31 (full 0):
 garbage-first heap   total 376832K, used 275104K [0x0000000080000000, 0x0000000100000000)
  region size 1024K, 146 young (149504K), 11 survivors (11264K)
 Metaspace       used 110758K, committed 111488K, reserved 1179648K
  class space    used 14675K, committed 15040K, reserved 1048576K
}
Event: 7.446 GC heap after
{Heap after GC invocations=32 (full 0):
 garbage-first heap   total 376832K, used 145667K [0x0000000080000000, 0x0000000100000000)
  region size 1024K, 9 young (9216K), 9 survivors (9216K)
 Metaspace       used 110758K, committed 111488K, reserved 1179648K
  class space    used 14675K, committed 15040K, reserved 1048576K
}
Event: 8.445 GC heap before
{Heap before GC invocations=32 (full 0):
 garbage-first heap   total 376832K, used 292099K [0x0000000080000000, 0x0000000100000000)
  region size 1024K, 146 young (149504K), 9 survivors (9216K)
 Metaspace       used 126286K, committed 127040K, reserved 1179648K
  class space    used 16406K, committed 16768K, reserved 1048576K
}
Event: 8.450 GC heap after
{Heap after GC invocations=33 (full 0):
 garbage-first heap   total 376832K, used 159398K [0x0000000080000000, 0x0000000100000000)
  region size 1024K, 16 young (16384K), 16 survivors (16384K)
 Metaspace       used 126286K, committed 127040K, reserved 1179648K
  class space    used 16406K, committed 16768K, reserved 1048576K
}

