# JRE version: OpenJDK Runtime Environment (17.0.11) (build 17.0.11+0--11852314)
# Java VM: OpenJDK 64-Bit Server VM (17.0.11+0--11852314, mixed mode, tiered, compressed oops, compressed class ptrs, g1 gc, windows-amd64)
GC Precious Log:
 CPUs: 16 total, 16 available
 Memory: 16176M
 Large Page Support: Disabled
 NUMA Support: Disabled
 Compressed Oops: Enabled (32-bit)
 Heap Region Size: 1M
 Heap Min Capacity: 8M
 Heap Initial Capacity: 254M
 Heap Max Capacity: 2G
 Pre-touch: Disabled
 Parallel Workers: 13
 Concurrent Workers: 3
 Concurrent Refinement Workers: 13
 Periodic GC: Disabled
Heap:
 garbage-first heap   total 142336K, used 102121K [0x0000000080000000, 0x0000000100000000)
  region size 1024K, 1 young (1024K), 1 survivors (1024K)
 Metaspace       used 66327K, committed 67008K, reserved 1114112K
  class space    used 9014K, committed 9344K, reserved 1048576K
GC Heap History (20 events):
Event: 1.931 GC heap after
{Heap after GC invocations=10 (full 0):
 garbage-first heap   total 71680K, used 39485K [0x0000000080000000, 0x0000000100000000)
  region size 1024K, 1 young (1024K), 1 survivors (1024K)
 Metaspace       used 34586K, committed 34880K, reserved 1114112K
  class space    used 4718K, committed 4864K, reserved 1048576K
}
Event: 2.045 GC heap before
{Heap before GC invocations=10 (full 0):
 garbage-first heap   total 71680K, used 55869K [0x0000000080000000, 0x0000000100000000)
  region size 1024K, 17 young (17408K), 1 survivors (1024K)
 Metaspace       used 36491K, committed 36864K, reserved 1114112K
  class space    used 5028K, committed 5184K, reserved 1048576K
}
Event: 2.048 GC heap after
{Heap after GC invocations=11 (full 0):
 garbage-first heap   total 143360K, used 40163K [0x0000000080000000, 0x0000000100000000)
  region size 1024K, 2 young (2048K), 2 survivors (2048K)
 Metaspace       used 36491K, committed 36864K, reserved 1114112K
  class space    used 5028K, committed 5184K, reserved 1048576K
}
Event: 2.489 GC heap before
{Heap before GC invocations=12 (full 0):
 garbage-first heap   total 140288K, used 111843K [0x0000000080000000, 0x0000000100000000)
  region size 1024K, 68 young (69632K), 2 survivors (2048K)
 Metaspace       used 46202K, committed 46656K, reserved 1114112K
  class space    used 6119K, committed 6336K, reserved 1048576K
}
Event: 2.493 GC heap after
{Heap after GC invocations=13 (full 0):
 garbage-first heap   total 140288K, used 46174K [0x0000000080000000, 0x0000000100000000)
  region size 1024K, 8 young (8192K), 8 survivors (8192K)
 Metaspace       used 46202K, committed 46656K, reserved 1114112K
  class space    used 6119K, committed 6336K, reserved 1048576K
}
Event: 2.959 GC heap before
{Heap before GC invocations=13 (full 0):
 garbage-first heap   total 140288K, used 119902K [0x0000000080000000, 0x0000000100000000)
  region size 1024K, 66 young (67584K), 8 survivors (8192K)
 Metaspace       used 52670K, committed 53184K, reserved 1114112K
  class space    used 6968K, committed 7168K, reserved 1048576K
}
Event: 2.963 GC heap after
{Heap after GC invocations=14 (full 0):
 garbage-first heap   total 140288K, used 66756K [0x0000000080000000, 0x0000000100000000)
  region size 1024K, 8 young (8192K), 8 survivors (8192K)
 Metaspace       used 52670K, committed 53184K, reserved 1114112K
  class space    used 6968K, committed 7168K, reserved 1048576K
}
Event: 3.287 GC heap before
{Heap before GC invocations=14 (full 0):
 garbage-first heap   total 140288K, used 109764K [0x0000000080000000, 0x0000000100000000)
  region size 1024K, 50 young (51200K), 8 survivors (8192K)
 Metaspace       used 55885K, committed 56448K, reserved 1114112K
  class space    used 7499K, committed 7744K, reserved 1048576K
}
Event: 3.289 GC heap after
{Heap after GC invocations=15 (full 0):
 garbage-first heap   total 140288K, used 69682K [0x0000000080000000, 0x0000000100000000)
  region size 1024K, 3 young (3072K), 3 survivors (3072K)
 Metaspace       used 55885K, committed 56448K, reserved 1114112K
  class space    used 7499K, committed 7744K, reserved 1048576K
}
Event: 3.615 GC heap before
{Heap before GC invocations=15 (full 0):
 garbage-first heap   total 140288K, used 111666K [0x0000000080000000, 0x0000000100000000)
  region size 1024K, 44 young (45056K), 3 survivors (3072K)
 Metaspace       used 59985K, committed 60544K, reserved 1114112K
  class space    used 8183K, committed 8448K, reserved 1048576K
}
Event: 3.618 GC heap after
{Heap after GC invocations=16 (full 0):
 garbage-first heap   total 140288K, used 72380K [0x0000000080000000, 0x0000000100000000)
  region size 1024K, 6 young (6144K), 6 survivors (6144K)
 Metaspace       used 59985K, committed 60544K, reserved 1114112K
  class space    used 8183K, committed 8448K, reserved 1048576K
}
Event: 3.990 GC heap before
{Heap before GC invocations=17 (full 0):
 garbage-first heap   total 140288K, used 112316K [0x0000000080000000, 0x0000000100000000)
  region size 1024K, 45 young (46080K), 6 survivors (6144K)
 Metaspace       used 62652K, committed 63232K, reserved 1114112K
  class space    used 8555K, committed 8832K, reserved 1048576K
}
Event: 3.993 GC heap after
{Heap after GC invocations=18 (full 0):
 garbage-first heap   total 140288K, used 75993K [0x0000000080000000, 0x0000000100000000)
  region size 1024K, 6 young (6144K), 6 survivors (6144K)
 Metaspace       used 62652K, committed 63232K, reserved 1114112K
  class space    used 8555K, committed 8832K, reserved 1048576K
}
Event: 4.134 GC heap before
{Heap before GC invocations=18 (full 0):
 garbage-first heap   total 140288K, used 112857K [0x0000000080000000, 0x0000000100000000)
  region size 1024K, 43 young (44032K), 6 survivors (6144K)
 Metaspace       used 63120K, committed 63680K, reserved 1114112K
  class space    used 8574K, committed 8832K, reserved 1048576K
}
Event: 4.137 GC heap after
{Heap after GC invocations=19 (full 0):
 garbage-first heap   total 140288K, used 79447K [0x0000000080000000, 0x0000000100000000)
  region size 1024K, 4 young (4096K), 4 survivors (4096K)
 Metaspace       used 63120K, committed 63680K, reserved 1114112K
  class space    used 8574K, committed 8832K, reserved 1048576K
}
Event: 4.293 GC heap before
{Heap before GC invocations=20 (full 0):
 garbage-first heap   total 140288K, used 127575K [0x0000000080000000, 0x0000000100000000)
  region size 1024K, 38 young (38912K), 4 survivors (4096K)
 Metaspace       used 64861K, committed 65472K, reserved 1114112K
  class space    used 8808K, committed 9088K, reserved 1048576K
}
Event: 4.295 GC heap after
{Heap after GC invocations=21 (full 0):
 garbage-first heap   total 142336K, used 101577K [0x0000000080000000, 0x0000000100000000)
  region size 1024K, 5 young (5120K), 5 survivors (5120K)
 Metaspace       used 64861K, committed 65472K, reserved 1114112K
  class space    used 8808K, committed 9088K, reserved 1048576K
}
Event: 4.300 GC heap before
{Heap before GC invocations=21 (full 0):
 garbage-first heap   total 142336K, used 101577K [0x0000000080000000, 0x0000000100000000)
  region size 1024K, 6 young (6144K), 5 survivors (5120K)
 Metaspace       used 64944K, committed 65600K, reserved 1114112K
  class space    used 8819K, committed 9088K, reserved 1048576K
}
Event: 4.302 GC heap after
{Heap after GC invocations=22 (full 0):
 garbage-first heap   total 142336K, used 102133K [0x0000000080000000, 0x0000000100000000)
  region size 1024K, 1 young (1024K), 1 survivors (1024K)
 Metaspace       used 64944K, committed 65600K, reserved 1114112K
  class space    used 8819K, committed 9088K, reserved 1048576K
}
Event: 4.373 GC heap before
{Heap before GC invocations=22 (full 0):
 garbage-first heap   total 142336K, used 118517K [0x0000000080000000, 0x0000000100000000)
  region size 1024K, 18 young (18432K), 1 survivors (1024K)
 Metaspace       used 66327K, committed 67008K, reserved 1114112K
  class space    used 9014K, committed 9344K, reserved 1048576K
}

