# JRE version: OpenJDK Runtime Environment (17.0.11) (build 17.0.11+0--11852314)
# Java VM: OpenJDK 64-Bit Server VM (17.0.11+0--11852314, mixed mode, tiered, compressed oops, compressed class ptrs, g1 gc, windows-amd64)
GC Precious Log:
 CPUs: 16 total, 16 available
 Memory: 16176M
 Large Page Support: Disabled
 NUMA Support: Disabled
 Compressed Oops: Enabled (32-bit)
 Heap Region Size: 1M
 Heap Min Capacity: 8M
 Heap Initial Capacity: 254M
 Heap Max Capacity: 2G
 Pre-touch: Disabled
 Parallel Workers: 13
 Concurrent Workers: 3
 Concurrent Refinement Workers: 13
 Periodic GC: Disabled
Heap:
 garbage-first heap   total 278528K, used 217217K [0x0000000080000000, 0x0000000100000000)
  region size 1024K, 94 young (96256K), 8 survivors (8192K)
 Metaspace       used 115161K, committed 116096K, reserved 1179648K
  class space    used 15807K, committed 16256K, reserved 1048576K
GC Heap History (20 events):
Event: 6.880 GC heap before
{Heap before GC invocations=31 (full 0):
 garbage-first heap   total 152576K, used 117867K [0x0000000080000000, 0x0000000100000000)
  region size 1024K, 42 young (43008K), 1 survivors (1024K)
 Metaspace       used 77555K, committed 78080K, reserved 1179648K
  class space    used 10448K, committed 10688K, reserved 1048576K
}
Event: 6.882 GC heap after
{Heap after GC invocations=32 (full 0):
 garbage-first heap   total 152576K, used 77264K [0x0000000080000000, 0x0000000100000000)
  region size 1024K, 3 young (3072K), 3 survivors (3072K)
 Metaspace       used 77555K, committed 78080K, reserved 1179648K
  class space    used 10448K, committed 10688K, reserved 1048576K
}
Event: 7.234 GC heap before
{Heap before GC invocations=33 (full 0):
 garbage-first heap   total 152576K, used 124368K [0x0000000080000000, 0x0000000100000000)
  region size 1024K, 45 young (46080K), 3 survivors (3072K)
 Metaspace       used 82382K, committed 82944K, reserved 1179648K
  class space    used 11110K, committed 11392K, reserved 1048576K
}
Event: 7.237 GC heap after
{Heap after GC invocations=34 (full 0):
 garbage-first heap   total 278528K, used 83950K [0x0000000080000000, 0x0000000100000000)
  region size 1024K, 5 young (5120K), 5 survivors (5120K)
 Metaspace       used 82382K, committed 82944K, reserved 1179648K
  class space    used 11110K, committed 11392K, reserved 1048576K
}
Event: 7.290 GC heap before
{Heap before GC invocations=34 (full 0):
 garbage-first heap   total 278528K, used 92142K [0x0000000080000000, 0x0000000100000000)
  region size 1024K, 13 young (13312K), 5 survivors (5120K)
 Metaspace       used 83361K, committed 83968K, reserved 1179648K
  class space    used 11225K, committed 11520K, reserved 1048576K
}
Event: 7.292 GC heap after
{Heap after GC invocations=35 (full 0):
 garbage-first heap   total 278528K, used 84317K [0x0000000080000000, 0x0000000100000000)
  region size 1024K, 1 young (1024K), 1 survivors (1024K)
 Metaspace       used 83361K, committed 83968K, reserved 1179648K
  class space    used 11225K, committed 11520K, reserved 1048576K
}
Event: 8.108 GC heap before
{Heap before GC invocations=35 (full 0):
 garbage-first heap   total 278528K, used 204125K [0x0000000080000000, 0x0000000100000000)
  region size 1024K, 118 young (120832K), 1 survivors (1024K)
 Metaspace       used 89896K, committed 90496K, reserved 1179648K
  class space    used 12154K, committed 12416K, reserved 1048576K
}
Event: 8.111 GC heap after
{Heap after GC invocations=36 (full 0):
 garbage-first heap   total 278528K, used 91032K [0x0000000080000000, 0x0000000100000000)
  region size 1024K, 8 young (8192K), 8 survivors (8192K)
 Metaspace       used 89896K, committed 90496K, reserved 1179648K
  class space    used 12154K, committed 12416K, reserved 1048576K
}
Event: 9.073 GC heap before
{Heap before GC invocations=36 (full 0):
 garbage-first heap   total 278528K, used 212888K [0x0000000080000000, 0x0000000100000000)
  region size 1024K, 127 young (130048K), 8 survivors (8192K)
 Metaspace       used 98616K, committed 99328K, reserved 1179648K
  class space    used 13574K, committed 13952K, reserved 1048576K
}
Event: 9.078 GC heap after
{Heap after GC invocations=37 (full 0):
 garbage-first heap   total 278528K, used 96902K [0x0000000080000000, 0x0000000100000000)
  region size 1024K, 14 young (14336K), 14 survivors (14336K)
 Metaspace       used 98616K, committed 99328K, reserved 1179648K
  class space    used 13574K, committed 13952K, reserved 1048576K
}
Event: 10.141 GC heap before
{Heap before GC invocations=37 (full 0):
 garbage-first heap   total 278528K, used 217734K [0x0000000080000000, 0x0000000100000000)
  region size 1024K, 133 young (136192K), 14 survivors (14336K)
 Metaspace       used 106728K, committed 107584K, reserved 1179648K
  class space    used 14769K, committed 15168K, reserved 1048576K
}
Event: 10.151 GC heap after
{Heap after GC invocations=38 (full 0):
 garbage-first heap   total 278528K, used 105522K [0x0000000080000000, 0x0000000100000000)
  region size 1024K, 17 young (17408K), 17 survivors (17408K)
 Metaspace       used 106728K, committed 107584K, reserved 1179648K
  class space    used 14769K, committed 15168K, reserved 1048576K
}
Event: 10.681 GC heap before
{Heap before GC invocations=38 (full 0):
 garbage-first heap   total 278528K, used 220210K [0x0000000080000000, 0x0000000100000000)
  region size 1024K, 129 young (132096K), 17 survivors (17408K)
 Metaspace       used 107767K, committed 108544K, reserved 1179648K
  class space    used 14909K, committed 15296K, reserved 1048576K
}
Event: 10.687 GC heap after
{Heap after GC invocations=39 (full 0):
 garbage-first heap   total 278528K, used 110247K [0x0000000080000000, 0x0000000100000000)
  region size 1024K, 8 young (8192K), 8 survivors (8192K)
 Metaspace       used 107767K, committed 108544K, reserved 1179648K
  class space    used 14909K, committed 15296K, reserved 1048576K
}
Event: 11.189 GC heap before
{Heap before GC invocations=39 (full 0):
 garbage-first heap   total 278528K, used 221863K [0x0000000080000000, 0x0000000100000000)
  region size 1024K, 118 young (120832K), 8 survivors (8192K)
 Metaspace       used 108579K, committed 109440K, reserved 1179648K
  class space    used 15007K, committed 15424K, reserved 1048576K
}
Event: 11.193 GC heap after
{Heap after GC invocations=40 (full 0):
 garbage-first heap   total 278528K, used 113265K [0x0000000080000000, 0x0000000100000000)
  region size 1024K, 11 young (11264K), 11 survivors (11264K)
 Metaspace       used 108579K, committed 109440K, reserved 1179648K
  class space    used 15007K, committed 15424K, reserved 1048576K
}
Event: 196.275 GC heap before
{Heap before GC invocations=40 (full 0):
 garbage-first heap   total 278528K, used 223857K [0x0000000080000000, 0x0000000100000000)
  region size 1024K, 120 young (122880K), 11 survivors (11264K)
 Metaspace       used 110173K, committed 111104K, reserved 1179648K
  class space    used 15168K, committed 15616K, reserved 1048576K
}
Event: 196.283 GC heap after
{Heap after GC invocations=41 (full 0):
 garbage-first heap   total 278528K, used 123810K [0x0000000080000000, 0x0000000100000000)
  region size 1024K, 15 young (15360K), 15 survivors (15360K)
 Metaspace       used 110173K, committed 111104K, reserved 1179648K
  class space    used 15168K, committed 15616K, reserved 1048576K
}
Event: 224.340 GC heap before
{Heap before GC invocations=41 (full 0):
 garbage-first heap   total 278528K, used 223138K [0x0000000080000000, 0x0000000100000000)
  region size 1024K, 113 young (115712K), 15 survivors (15360K)
 Metaspace       used 114704K, committed 115584K, reserved 1179648K
  class space    used 15779K, committed 16192K, reserved 1048576K
}
Event: 224.346 GC heap after
{Heap after GC invocations=42 (full 0):
 garbage-first heap   total 278528K, used 131201K [0x0000000080000000, 0x0000000100000000)
  region size 1024K, 8 young (8192K), 8 survivors (8192K)
 Metaspace       used 114704K, committed 115584K, reserved 1179648K
  class space    used 15779K, committed 16192K, reserved 1048576K
}

