# JRE version: OpenJDK Runtime Environment (17.0.11) (build 17.0.11+0--11852314)
# Java VM: OpenJDK 64-Bit Server VM (17.0.11+0--11852314, mixed mode, tiered, compressed oops, compressed class ptrs, g1 gc, windows-amd64)
GC Precious Log:
 CPUs: 16 total, 16 available
 Memory: 16176M
 Large Page Support: Disabled
 NUMA Support: Disabled
 Compressed Oops: Enabled (32-bit)
 Heap Region Size: 1M
 Heap Min Capacity: 8M
 Heap Initial Capacity: 254M
 Heap Max Capacity: 2G
 Pre-touch: Disabled
 Parallel Workers: 13
 Concurrent Workers: 3
 Concurrent Refinement Workers: 13
 Periodic GC: Disabled
Heap:
 garbage-first heap   total 328704K, used 263009K [0x0000000080000000, 0x0000000100000000)
  region size 1024K, 13 young (13312K), 5 survivors (5120K)
 Metaspace       used 111507K, committed 112384K, reserved 1179648K
  class space    used 15430K, committed 15872K, reserved 1048576K
GC Heap History (20 events):
Event: 6.108 GC heap before
{Heap before GC invocations=28 (full 0):
 garbage-first heap   total 151552K, used 124948K [0x0000000080000000, 0x0000000100000000)
  region size 1024K, 44 young (45056K), 5 survivors (5120K)
 Metaspace       used 82445K, committed 83136K, reserved 1179648K
  class space    used 11166K, committed 11520K, reserved 1048576K
}
Event: 6.111 GC heap after
{Heap after GC invocations=29 (full 0):
 garbage-first heap   total 328704K, used 86271K [0x0000000080000000, 0x0000000100000000)
  region size 1024K, 4 young (4096K), 4 survivors (4096K)
 Metaspace       used 82445K, committed 83136K, reserved 1179648K
  class space    used 11166K, committed 11520K, reserved 1048576K
}
Event: 6.174 GC heap before
{Heap before GC invocations=29 (full 0):
 garbage-first heap   total 328704K, used 98559K [0x0000000080000000, 0x0000000100000000)
  region size 1024K, 16 young (16384K), 4 survivors (4096K)
 Metaspace       used 83260K, committed 83904K, reserved 1179648K
  class space    used 11276K, committed 11584K, reserved 1048576K
}
Event: 6.176 GC heap after
{Heap after GC invocations=30 (full 0):
 garbage-first heap   total 328704K, used 86696K [0x0000000080000000, 0x0000000100000000)
  region size 1024K, 2 young (2048K), 2 survivors (2048K)
 Metaspace       used 83260K, committed 83904K, reserved 1179648K
  class space    used 11276K, committed 11584K, reserved 1048576K
}
Event: 7.095 GC heap before
{Heap before GC invocations=30 (full 0):
 garbage-first heap   total 328704K, used 239272K [0x0000000080000000, 0x0000000100000000)
  region size 1024K, 151 young (154624K), 2 survivors (2048K)
 Metaspace       used 94387K, committed 95040K, reserved 1179648K
  class space    used 13086K, committed 13376K, reserved 1048576K
}
Event: 7.099 GC heap after
{Heap after GC invocations=31 (full 0):
 garbage-first heap   total 328704K, used 92403K [0x0000000080000000, 0x0000000100000000)
  region size 1024K, 7 young (7168K), 7 survivors (7168K)
 Metaspace       used 94387K, committed 95040K, reserved 1179648K
  class space    used 13086K, committed 13376K, reserved 1048576K
}
Event: 7.901 GC heap before
{Heap before GC invocations=31 (full 0):
 garbage-first heap   total 328704K, used 258291K [0x0000000080000000, 0x0000000100000000)
  region size 1024K, 170 young (174080K), 7 survivors (7168K)
 Metaspace       used 101747K, committed 102464K, reserved 1179648K
  class space    used 14153K, committed 14528K, reserved 1048576K
}
Event: 7.909 GC heap after
{Heap after GC invocations=32 (full 0):
 garbage-first heap   total 328704K, used 104290K [0x0000000080000000, 0x0000000100000000)
  region size 1024K, 19 young (19456K), 19 survivors (19456K)
 Metaspace       used 101747K, committed 102464K, reserved 1179648K
  class space    used 14153K, committed 14528K, reserved 1048576K
}
Event: 8.553 GC heap before
{Heap before GC invocations=32 (full 0):
 garbage-first heap   total 328704K, used 258914K [0x0000000080000000, 0x0000000100000000)
  region size 1024K, 171 young (175104K), 19 survivors (19456K)
 Metaspace       used 105809K, committed 106624K, reserved 1179648K
  class space    used 14675K, committed 15104K, reserved 1048576K
}
Event: 8.560 GC heap after
{Heap after GC invocations=33 (full 0):
 garbage-first heap   total 328704K, used 112523K [0x0000000080000000, 0x0000000100000000)
  region size 1024K, 11 young (11264K), 11 survivors (11264K)
 Metaspace       used 105809K, committed 106624K, reserved 1179648K
  class space    used 14675K, committed 15104K, reserved 1048576K
}
Event: 8.725 GC heap before
{Heap before GC invocations=33 (full 0):
 garbage-first heap   total 328704K, used 191371K [0x0000000080000000, 0x0000000100000000)
  region size 1024K, 68 young (69632K), 11 survivors (11264K)
 Metaspace       used 108051K, committed 108864K, reserved 1179648K
  class space    used 14906K, committed 15296K, reserved 1048576K
}
Event: 8.729 GC heap after
{Heap after GC invocations=34 (full 0):
 garbage-first heap   total 328704K, used 134061K [0x0000000080000000, 0x0000000100000000)
  region size 1024K, 15 young (15360K), 15 survivors (15360K)
 Metaspace       used 108051K, committed 108864K, reserved 1179648K
  class space    used 14906K, committed 15296K, reserved 1048576K
}
Event: 8.756 GC heap before
{Heap before GC invocations=34 (full 0):
 garbage-first heap   total 328704K, used 168877K [0x0000000080000000, 0x0000000100000000)
  region size 1024K, 16 young (16384K), 15 survivors (15360K)
 Metaspace       used 108051K, committed 108864K, reserved 1179648K
  class space    used 14906K, committed 15296K, reserved 1048576K
}
Event: 8.760 GC heap after
{Heap after GC invocations=35 (full 0):
 garbage-first heap   total 328704K, used 169750K [0x0000000080000000, 0x0000000100000000)
  region size 1024K, 9 young (9216K), 9 survivors (9216K)
 Metaspace       used 108051K, committed 108864K, reserved 1179648K
  class space    used 14906K, committed 15296K, reserved 1048576K
}
Event: 8.977 GC heap before
{Heap before GC invocations=36 (full 0):
 garbage-first heap   total 328704K, used 294678K [0x0000000080000000, 0x0000000100000000)
  region size 1024K, 48 young (49152K), 9 survivors (9216K)
 Metaspace       used 111224K, committed 112064K, reserved 1179648K
  class space    used 15389K, committed 15808K, reserved 1048576K
}
Event: 8.980 GC heap after
{Heap after GC invocations=37 (full 0):
 garbage-first heap   total 328704K, used 238721K [0x0000000080000000, 0x0000000100000000)
  region size 1024K, 7 young (7168K), 7 survivors (7168K)
 Metaspace       used 111224K, committed 112064K, reserved 1179648K
  class space    used 15389K, committed 15808K, reserved 1048576K
}
Event: 9.022 GC heap before
{Heap before GC invocations=37 (full 0):
 garbage-first heap   total 328704K, used 308353K [0x0000000080000000, 0x0000000100000000)
  region size 1024K, 16 young (16384K), 7 survivors (7168K)
 Metaspace       used 111481K, committed 112320K, reserved 1179648K
  class space    used 15430K, committed 15872K, reserved 1048576K
}
Event: 9.025 GC heap after
{Heap after GC invocations=38 (full 0):
 garbage-first heap   total 328704K, used 242466K [0x0000000080000000, 0x0000000100000000)
  region size 1024K, 2 young (2048K), 2 survivors (2048K)
 Metaspace       used 111481K, committed 112320K, reserved 1179648K
  class space    used 15430K, committed 15872K, reserved 1048576K
}
Event: 9.161 GC heap before
{Heap before GC invocations=38 (full 0):
 garbage-first heap   total 328704K, used 277282K [0x0000000080000000, 0x0000000100000000)
  region size 1024K, 37 young (37888K), 2 survivors (2048K)
 Metaspace       used 111506K, committed 112384K, reserved 1179648K
  class space    used 15430K, committed 15872K, reserved 1048576K
}
Event: 9.166 GC heap after
{Heap after GC invocations=39 (full 0):
 garbage-first heap   total 328704K, used 255841K [0x0000000080000000, 0x0000000100000000)
  region size 1024K, 5 young (5120K), 5 survivors (5120K)
 Metaspace       used 111506K, committed 112384K, reserved 1179648K
  class space    used 15430K, committed 15872K, reserved 1048576K
}

