# JRE version: OpenJDK Runtime Environment (17.0.11) (build 17.0.11+0--11852314)
# Java VM: OpenJDK 64-Bit Server VM (17.0.11+0--11852314, mixed mode, tiered, compressed oops, compressed class ptrs, g1 gc, windows-amd64)
GC Precious Log:
 CPUs: 16 total, 16 available
 Memory: 16176M
 Large Page Support: Disabled
 NUMA Support: Disabled
 Compressed Oops: Enabled (32-bit)
 Heap Region Size: 1M
 Heap Min Capacity: 8M
 Heap Initial Capacity: 254M
 Heap Max Capacity: 2G
 Pre-touch: Disabled
 Parallel Workers: 13
 Concurrent Workers: 3
 Concurrent Refinement Workers: 13
 Periodic GC: Disabled
Heap:
 garbage-first heap   total 260096K, used 171626K [0x0000000080000000, 0x0000000100000000)
  region size 1024K, 1 young (1024K), 1 survivors (1024K)
 Metaspace       used 111346K, committed 112192K, reserved 1179648K
  class space    used 15399K, committed 15808K, reserved 1048576K
GC Heap History (20 events):
Event: 11.014 GC heap after
{Heap after GC invocations=46 (full 0):
 garbage-first heap   total 167936K, used 105538K [0x0000000080000000, 0x0000000100000000)
  region size 1024K, 2 young (2048K), 2 survivors (2048K)
 Metaspace       used 101671K, committed 102336K, reserved 1179648K
  class space    used 14147K, committed 14464K, reserved 1048576K
}
Event: 11.310 GC heap before
{Heap before GC invocations=47 (full 0):
 garbage-first heap   total 188416K, used 137282K [0x0000000080000000, 0x0000000100000000)
  region size 1024K, 34 young (34816K), 2 survivors (2048K)
 Metaspace       used 102161K, committed 102848K, reserved 1179648K
  class space    used 14200K, committed 14528K, reserved 1048576K
}
Event: 11.313 GC heap after
{Heap after GC invocations=48 (full 0):
 garbage-first heap   total 188416K, used 107580K [0x0000000080000000, 0x0000000100000000)
  region size 1024K, 4 young (4096K), 4 survivors (4096K)
 Metaspace       used 102161K, committed 102848K, reserved 1179648K
  class space    used 14200K, committed 14528K, reserved 1048576K
}
Event: 11.339 GC heap before
{Heap before GC invocations=48 (full 0):
 garbage-first heap   total 188416K, used 112700K [0x0000000080000000, 0x0000000100000000)
  region size 1024K, 9 young (9216K), 4 survivors (4096K)
 Metaspace       used 102182K, committed 102912K, reserved 1179648K
  class space    used 14203K, committed 14528K, reserved 1048576K
}
Event: 11.341 GC heap after
{Heap after GC invocations=49 (full 0):
 garbage-first heap   total 188416K, used 106011K [0x0000000080000000, 0x0000000100000000)
  region size 1024K, 2 young (2048K), 2 survivors (2048K)
 Metaspace       used 102182K, committed 102912K, reserved 1179648K
  class space    used 14203K, committed 14528K, reserved 1048576K
}
Event: 11.746 GC heap before
{Heap before GC invocations=49 (full 0):
 garbage-first heap   total 188416K, used 154139K [0x0000000080000000, 0x0000000100000000)
  region size 1024K, 50 young (51200K), 2 survivors (2048K)
 Metaspace       used 103845K, committed 104640K, reserved 1179648K
  class space    used 14467K, committed 14848K, reserved 1048576K
}
Event: 11.749 GC heap after
{Heap after GC invocations=50 (full 0):
 garbage-first heap   total 188416K, used 109408K [0x0000000080000000, 0x0000000100000000)
  region size 1024K, 5 young (5120K), 5 survivors (5120K)
 Metaspace       used 103845K, committed 104640K, reserved 1179648K
  class space    used 14467K, committed 14848K, reserved 1048576K
}
Event: 11.999 GC heap before
{Heap before GC invocations=50 (full 0):
 garbage-first heap   total 188416K, used 154464K [0x0000000080000000, 0x0000000100000000)
  region size 1024K, 50 young (51200K), 5 survivors (5120K)
 Metaspace       used 106216K, committed 106944K, reserved 1179648K
  class space    used 14743K, committed 15104K, reserved 1048576K
}
Event: 12.002 GC heap after
{Heap after GC invocations=51 (full 0):
 garbage-first heap   total 188416K, used 112585K [0x0000000080000000, 0x0000000100000000)
  region size 1024K, 6 young (6144K), 6 survivors (6144K)
 Metaspace       used 106216K, committed 106944K, reserved 1179648K
  class space    used 14743K, committed 15104K, reserved 1048576K
}
Event: 12.187 GC heap before
{Heap before GC invocations=51 (full 0):
 garbage-first heap   total 188416K, used 167881K [0x0000000080000000, 0x0000000100000000)
  region size 1024K, 46 young (47104K), 6 survivors (6144K)
 Metaspace       used 108102K, committed 108992K, reserved 1179648K
  class space    used 14919K, committed 15360K, reserved 1048576K
}
Event: 12.191 GC heap after
{Heap after GC invocations=52 (full 0):
 garbage-first heap   total 188416K, used 128270K [0x0000000080000000, 0x0000000100000000)
  region size 1024K, 6 young (6144K), 6 survivors (6144K)
 Metaspace       used 108102K, committed 108992K, reserved 1179648K
  class space    used 14919K, committed 15360K, reserved 1048576K
}
Event: 12.222 GC heap before
{Heap before GC invocations=52 (full 0):
 garbage-first heap   total 188416K, used 140558K [0x0000000080000000, 0x0000000100000000)
  region size 1024K, 8 young (8192K), 6 survivors (6144K)
 Metaspace       used 108102K, committed 108992K, reserved 1179648K
  class space    used 14919K, committed 15360K, reserved 1048576K
}
Event: 12.225 GC heap after
{Heap after GC invocations=53 (full 0):
 garbage-first heap   total 188416K, used 140491K [0x0000000080000000, 0x0000000100000000)
  region size 1024K, 2 young (2048K), 2 survivors (2048K)
 Metaspace       used 108102K, committed 108992K, reserved 1179648K
  class space    used 14919K, committed 15360K, reserved 1048576K
}
Event: 12.435 GC heap before
{Heap before GC invocations=54 (full 0):
 garbage-first heap   total 245760K, used 153803K [0x0000000080000000, 0x0000000100000000)
  region size 1024K, 13 young (13312K), 2 survivors (2048K)
 Metaspace       used 109582K, committed 110464K, reserved 1179648K
  class space    used 15129K, committed 15552K, reserved 1048576K
}
Event: 12.436 GC heap after
{Heap after GC invocations=55 (full 0):
 garbage-first heap   total 245760K, used 144028K [0x0000000080000000, 0x0000000100000000)
  region size 1024K, 1 young (1024K), 1 survivors (1024K)
 Metaspace       used 109582K, committed 110464K, reserved 1179648K
  class space    used 15129K, committed 15552K, reserved 1048576K
}
Event: 12.614 GC heap before
{Heap before GC invocations=55 (full 0):
 garbage-first heap   total 245760K, used 154268K [0x0000000080000000, 0x0000000100000000)
  region size 1024K, 12 young (12288K), 1 survivors (1024K)
 Metaspace       used 110865K, committed 111744K, reserved 1179648K
  class space    used 15323K, committed 15744K, reserved 1048576K
}
Event: 12.616 GC heap after
{Heap after GC invocations=56 (full 0):
 garbage-first heap   total 245760K, used 143039K [0x0000000080000000, 0x0000000100000000)
  region size 1024K, 1 young (1024K), 1 survivors (1024K)
 Metaspace       used 110865K, committed 111744K, reserved 1179648K
  class space    used 15323K, committed 15744K, reserved 1048576K
}
Event: 12.689 GC heap before
{Heap before GC invocations=56 (full 0):
 garbage-first heap   total 245760K, used 217791K [0x0000000080000000, 0x0000000100000000)
  region size 1024K, 19 young (19456K), 1 survivors (1024K)
 Metaspace       used 111346K, committed 112192K, reserved 1179648K
  class space    used 15399K, committed 15808K, reserved 1048576K
}
Event: 12.691 GC heap after
{Heap after GC invocations=57 (full 0):
 garbage-first heap   total 245760K, used 170579K [0x0000000080000000, 0x0000000100000000)
  region size 1024K, 5 young (5120K), 5 survivors (5120K)
 Metaspace       used 111346K, committed 112192K, reserved 1179648K
  class space    used 15399K, committed 15808K, reserved 1048576K
}
Event: 12.691 GC heap before
{Heap before GC invocations=57 (full 0):
 garbage-first heap   total 245760K, used 171603K [0x0000000080000000, 0x0000000100000000)
  region size 1024K, 6 young (6144K), 5 survivors (5120K)
 Metaspace       used 111346K, committed 112192K, reserved 1179648K
  class space    used 15399K, committed 15808K, reserved 1048576K
}

