# JRE version: OpenJDK Runtime Environment (17.0.11) (build 17.0.11+0--11852314)
# Java VM: OpenJDK 64-Bit Server VM (17.0.11+0--11852314, mixed mode, tiered, compressed oops, compressed class ptrs, g1 gc, windows-amd64)
GC Precious Log:
 CPUs: 16 total, 16 available
 Memory: 16108M
 Large Page Support: Disabled
 NUMA Support: Disabled
 Compressed Oops: Enabled (32-bit)
 Heap Region Size: 1M
 Heap Min Capacity: 8M
 Heap Initial Capacity: 252M
 Heap Max Capacity: 2G
 Pre-touch: Disabled
 Parallel Workers: 13
 Concurrent Workers: 3
 Concurrent Refinement Workers: 13
 Periodic GC: Disabled
Heap:
 garbage-first heap   total 71680K, used 34597K [0x0000000080000000, 0x0000000100000000)
  region size 1024K, 13 young (13312K), 2 survivors (2048K)
 Metaspace       used 37583K, committed 37888K, reserved 1114112K
  class space    used 5075K, committed 5184K, reserved 1048576K
GC Heap History (16 events):
Event: 0.472 GC heap before
{Heap before GC invocations=0 (full 0):
 garbage-first heap   total 258048K, used 26624K [0x0000000080000000, 0x0000000100000000)
  region size 1024K, 23 young (23552K), 0 survivors (0K)
 Metaspace       used 10305K, committed 10432K, reserved 1114112K
  class space    used 1047K, committed 1088K, reserved 1048576K
}
Event: 0.475 GC heap after
{Heap after GC invocations=1 (full 0):
 garbage-first heap   total 258048K, used 10347K [0x0000000080000000, 0x0000000100000000)
  region size 1024K, 3 young (3072K), 3 survivors (3072K)
 Metaspace       used 10305K, committed 10432K, reserved 1114112K
  class space    used 1047K, committed 1088K, reserved 1048576K
}
Event: 0.774 GC heap before
{Heap before GC invocations=1 (full 0):
 garbage-first heap   total 258048K, used 37995K [0x0000000080000000, 0x0000000100000000)
  region size 1024K, 30 young (30720K), 3 survivors (3072K)
 Metaspace       used 11536K, committed 11712K, reserved 1114112K
  class space    used 1200K, committed 1280K, reserved 1048576K
}
Event: 0.776 GC heap after
{Heap after GC invocations=2 (full 0):
 garbage-first heap   total 258048K, used 11414K [0x0000000080000000, 0x0000000100000000)
  region size 1024K, 1 young (1024K), 1 survivors (1024K)
 Metaspace       used 11536K, committed 11712K, reserved 1114112K
  class space    used 1200K, committed 1280K, reserved 1048576K
}
Event: 1.552 GC heap before
{Heap before GC invocations=2 (full 0):
 garbage-first heap   total 258048K, used 62614K [0x0000000080000000, 0x0000000100000000)
  region size 1024K, 51 young (52224K), 1 survivors (1024K)
 Metaspace       used 21238K, committed 21504K, reserved 1114112K
  class space    used 2487K, committed 2624K, reserved 1048576K
}
Event: 1.555 GC heap after
{Heap after GC invocations=3 (full 0):
 garbage-first heap   total 258048K, used 19222K [0x0000000080000000, 0x0000000100000000)
  region size 1024K, 9 young (9216K), 9 survivors (9216K)
 Metaspace       used 21238K, committed 21504K, reserved 1114112K
  class space    used 2487K, committed 2624K, reserved 1048576K
}
Event: 1.932 GC heap before
{Heap before GC invocations=4 (full 0):
 garbage-first heap   total 71680K, used 51990K [0x0000000080000000, 0x0000000100000000)
  region size 1024K, 42 young (43008K), 9 survivors (9216K)
 Metaspace       used 26366K, committed 26624K, reserved 1114112K
  class space    used 3338K, committed 3456K, reserved 1048576K
}
Event: 1.936 GC heap after
{Heap after GC invocations=5 (full 0):
 garbage-first heap   total 71680K, used 20827K [0x0000000080000000, 0x0000000100000000)
  region size 1024K, 2 young (2048K), 2 survivors (2048K)
 Metaspace       used 26366K, committed 26624K, reserved 1114112K
  class space    used 3338K, committed 3456K, reserved 1048576K
}
Event: 1.947 GC heap before
{Heap before GC invocations=5 (full 0):
 garbage-first heap   total 71680K, used 21851K [0x0000000080000000, 0x0000000100000000)
  region size 1024K, 3 young (3072K), 2 survivors (2048K)
 Metaspace       used 26505K, committed 26752K, reserved 1114112K
  class space    used 3364K, committed 3456K, reserved 1048576K
}
Event: 1.949 GC heap after
{Heap after GC invocations=6 (full 0):
 garbage-first heap   total 71680K, used 21032K [0x0000000080000000, 0x0000000100000000)
  region size 1024K, 1 young (1024K), 1 survivors (1024K)
 Metaspace       used 26505K, committed 26752K, reserved 1114112K
  class space    used 3364K, committed 3456K, reserved 1048576K
}
Event: 2.285 GC heap before
{Heap before GC invocations=6 (full 0):
 garbage-first heap   total 71680K, used 49704K [0x0000000080000000, 0x0000000100000000)
  region size 1024K, 30 young (30720K), 1 survivors (1024K)
 Metaspace       used 30457K, committed 30848K, reserved 1114112K
  class space    used 4021K, committed 4224K, reserved 1048576K
}
Event: 2.286 GC heap after
{Heap after GC invocations=7 (full 0):
 garbage-first heap   total 71680K, used 22568K [0x0000000080000000, 0x0000000100000000)
  region size 1024K, 2 young (2048K), 2 survivors (2048K)
 Metaspace       used 30457K, committed 30848K, reserved 1114112K
  class space    used 4021K, committed 4224K, reserved 1048576K
}
Event: 2.550 GC heap before
{Heap before GC invocations=7 (full 0):
 garbage-first heap   total 71680K, used 52264K [0x0000000080000000, 0x0000000100000000)
  region size 1024K, 31 young (31744K), 2 survivors (2048K)
 Metaspace       used 34218K, committed 34496K, reserved 1114112K
  class space    used 4645K, committed 4800K, reserved 1048576K
}
Event: 2.552 GC heap after
{Heap after GC invocations=8 (full 0):
 garbage-first heap   total 71680K, used 23887K [0x0000000080000000, 0x0000000100000000)
  region size 1024K, 4 young (4096K), 4 survivors (4096K)
 Metaspace       used 34218K, committed 34496K, reserved 1114112K
  class space    used 4645K, committed 4800K, reserved 1048576K
}
Event: 2.643 GC heap before
{Heap before GC invocations=8 (full 0):
 garbage-first heap   total 71680K, used 32079K [0x0000000080000000, 0x0000000100000000)
  region size 1024K, 14 young (14336K), 4 survivors (4096K)
 Metaspace       used 35661K, committed 35968K, reserved 1114112K
  class space    used 4854K, committed 4992K, reserved 1048576K
}
Event: 2.645 GC heap after
{Heap after GC invocations=9 (full 0):
 garbage-first heap   total 71680K, used 24357K [0x0000000080000000, 0x0000000100000000)
  region size 1024K, 2 young (2048K), 2 survivors (2048K)
 Metaspace       used 35661K, committed 35968K, reserved 1114112K
  class space    used 4854K, committed 4992K, reserved 1048576K
}

