# JRE version: OpenJDK Runtime Environment (17.0.11) (build 17.0.11+0--11852314)
# Java VM: OpenJDK 64-Bit Server VM (17.0.11+0--11852314, mixed mode, tiered, compressed oops, compressed class ptrs, g1 gc, windows-amd64)
GC Precious Log:
 CPUs: 16 total, 16 available
 Memory: 16176M
 Large Page Support: Disabled
 NUMA Support: Disabled
 Compressed Oops: Enabled (32-bit)
 Heap Region Size: 1M
 Heap Min Capacity: 8M
 Heap Initial Capacity: 254M
 Heap Max Capacity: 2G
 Pre-touch: Disabled
 Parallel Workers: 13
 Concurrent Workers: 3
 Concurrent Refinement Workers: 13
 Periodic GC: Disabled
Heap:
 garbage-first heap   total 260096K, used 76683K [0x0000000080000000, 0x0000000100000000)
  region size 1024K, 4 young (4096K), 4 survivors (4096K)
 Metaspace       used 92176K, committed 92864K, reserved 1179648K
  class space    used 12771K, committed 13120K, reserved 1048576K
GC Heap History (20 events):
Event: 4.078 GC heap after
{Heap after GC invocations=20 (full 0):
 garbage-first heap   total 103424K, used 55794K [0x0000000080000000, 0x0000000100000000)
  region size 1024K, 1 young (1024K), 1 survivors (1024K)
 Metaspace       used 62726K, committed 63360K, reserved 1114112K
  class space    used 8481K, committed 8768K, reserved 1048576K
}
Event: 4.275 GC heap before
{Heap before GC invocations=20 (full 0):
 garbage-first heap   total 103424K, used 82418K [0x0000000080000000, 0x0000000100000000)
  region size 1024K, 28 young (28672K), 1 survivors (1024K)
 Metaspace       used 65731K, committed 66304K, reserved 1114112K
  class space    used 8925K, committed 9216K, reserved 1048576K
}
Event: 4.277 GC heap after
{Heap after GC invocations=21 (full 0):
 garbage-first heap   total 103424K, used 56641K [0x0000000080000000, 0x0000000100000000)
  region size 1024K, 1 young (1024K), 1 survivors (1024K)
 Metaspace       used 65731K, committed 66304K, reserved 1114112K
  class space    used 8925K, committed 9216K, reserved 1048576K
}
Event: 4.436 GC heap before
{Heap before GC invocations=22 (full 0):
 garbage-first heap   total 103424K, used 90433K [0x0000000080000000, 0x0000000100000000)
  region size 1024K, 29 young (29696K), 1 survivors (1024K)
 Metaspace       used 67907K, committed 68416K, reserved 1114112K
  class space    used 9209K, committed 9472K, reserved 1048576K
}
Event: 4.438 GC heap after
{Heap after GC invocations=23 (full 0):
 garbage-first heap   total 103424K, used 61557K [0x0000000080000000, 0x0000000100000000)
  region size 1024K, 4 young (4096K), 4 survivors (4096K)
 Metaspace       used 67907K, committed 68416K, reserved 1114112K
  class space    used 9209K, committed 9472K, reserved 1048576K
}
Event: 4.444 GC heap before
{Heap before GC invocations=23 (full 0):
 garbage-first heap   total 103424K, used 62581K [0x0000000080000000, 0x0000000100000000)
  region size 1024K, 5 young (5120K), 4 survivors (4096K)
 Metaspace       used 68028K, committed 68608K, reserved 1114112K
  class space    used 9220K, committed 9536K, reserved 1048576K
}
Event: 4.447 GC heap after
{Heap after GC invocations=24 (full 0):
 garbage-first heap   total 147456K, used 61100K [0x0000000080000000, 0x0000000100000000)
  region size 1024K, 1 young (1024K), 1 survivors (1024K)
 Metaspace       used 68028K, committed 68608K, reserved 1114112K
  class space    used 9220K, committed 9536K, reserved 1048576K
}
Event: 4.823 GC heap before
{Heap before GC invocations=24 (full 0):
 garbage-first heap   total 147456K, used 118444K [0x0000000080000000, 0x0000000100000000)
  region size 1024K, 57 young (58368K), 1 survivors (1024K)
 Metaspace       used 72702K, committed 73280K, reserved 1114112K
  class space    used 9856K, committed 10176K, reserved 1048576K
}
Event: 4.825 GC heap after
{Heap after GC invocations=25 (full 0):
 garbage-first heap   total 147456K, used 63553K [0x0000000080000000, 0x0000000100000000)
  region size 1024K, 3 young (3072K), 3 survivors (3072K)
 Metaspace       used 72702K, committed 73280K, reserved 1114112K
  class space    used 9856K, committed 10176K, reserved 1048576K
}
Event: 5.127 GC heap before
{Heap before GC invocations=25 (full 0):
 garbage-first heap   total 147456K, used 118849K [0x0000000080000000, 0x0000000100000000)
  region size 1024K, 57 young (58368K), 3 survivors (3072K)
 Metaspace       used 76899K, committed 77504K, reserved 1179648K
  class space    used 10397K, committed 10688K, reserved 1048576K
}
Event: 5.129 GC heap after
{Heap after GC invocations=26 (full 0):
 garbage-first heap   total 147456K, used 67823K [0x0000000080000000, 0x0000000100000000)
  region size 1024K, 7 young (7168K), 7 survivors (7168K)
 Metaspace       used 76899K, committed 77504K, reserved 1179648K
  class space    used 10397K, committed 10688K, reserved 1048576K
}
Event: 5.453 GC heap before
{Heap before GC invocations=26 (full 0):
 garbage-first heap   total 147456K, used 120047K [0x0000000080000000, 0x0000000100000000)
  region size 1024K, 57 young (58368K), 7 survivors (7168K)
 Metaspace       used 80479K, committed 81088K, reserved 1179648K
  class space    used 11019K, committed 11328K, reserved 1048576K
}
Event: 5.456 GC heap after
{Heap after GC invocations=27 (full 0):
 garbage-first heap   total 147456K, used 69646K [0x0000000080000000, 0x0000000100000000)
  region size 1024K, 2 young (2048K), 2 survivors (2048K)
 Metaspace       used 80479K, committed 81088K, reserved 1179648K
  class space    used 11019K, committed 11328K, reserved 1048576K
}
Event: 5.780 GC heap before
{Heap before GC invocations=27 (full 0):
 garbage-first heap   total 147456K, used 120846K [0x0000000080000000, 0x0000000100000000)
  region size 1024K, 52 young (53248K), 2 survivors (2048K)
 Metaspace       used 84292K, committed 84992K, reserved 1179648K
  class space    used 11633K, committed 11968K, reserved 1048576K
}
Event: 5.783 GC heap after
{Heap after GC invocations=28 (full 0):
 garbage-first heap   total 147456K, used 71624K [0x0000000080000000, 0x0000000100000000)
  region size 1024K, 4 young (4096K), 4 survivors (4096K)
 Metaspace       used 84292K, committed 84992K, reserved 1179648K
  class space    used 11633K, committed 11968K, reserved 1048576K
}
Event: 6.142 GC heap before
{Heap before GC invocations=29 (full 0):
 garbage-first heap   total 147456K, used 121800K [0x0000000080000000, 0x0000000100000000)
  region size 1024K, 53 young (54272K), 4 survivors (4096K)
 Metaspace       used 88244K, committed 88896K, reserved 1179648K
  class space    used 12225K, committed 12544K, reserved 1048576K
}
Event: 6.146 GC heap after
{Heap after GC invocations=30 (full 0):
 garbage-first heap   total 147456K, used 74338K [0x0000000080000000, 0x0000000100000000)
  region size 1024K, 6 young (6144K), 6 survivors (6144K)
 Metaspace       used 88244K, committed 88896K, reserved 1179648K
  class space    used 12225K, committed 12544K, reserved 1048576K
}
Event: 6.150 GC heap before
{Heap before GC invocations=30 (full 0):
 garbage-first heap   total 147456K, used 75362K [0x0000000080000000, 0x0000000100000000)
  region size 1024K, 7 young (7168K), 6 survivors (6144K)
 Metaspace       used 88306K, committed 88960K, reserved 1179648K
  class space    used 12242K, committed 12544K, reserved 1048576K
}
Event: 6.153 GC heap after
{Heap after GC invocations=31 (full 0):
 garbage-first heap   total 147456K, used 73836K [0x0000000080000000, 0x0000000100000000)
  region size 1024K, 1 young (1024K), 1 survivors (1024K)
 Metaspace       used 88306K, committed 88960K, reserved 1179648K
  class space    used 12242K, committed 12544K, reserved 1048576K
}
Event: 6.448 GC heap before
{Heap before GC invocations=31 (full 0):
 garbage-first heap   total 147456K, used 121964K [0x0000000080000000, 0x0000000100000000)
  region size 1024K, 48 young (49152K), 1 survivors (1024K)
 Metaspace       used 92176K, committed 92864K, reserved 1179648K
  class space    used 12771K, committed 13120K, reserved 1048576K
}

