# JRE version: OpenJDK Runtime Environment (17.0.11) (build 17.0.11+0--11852314)
# Java VM: OpenJDK 64-Bit Server VM (17.0.11+0--11852314, mixed mode, tiered, compressed oops, compressed class ptrs, g1 gc, windows-amd64)
GC Precious Log:
 CPUs: 16 total, 16 available
 Memory: 16176M
 Large Page Support: Disabled
 NUMA Support: Disabled
 Compressed Oops: Enabled (32-bit)
 Heap Region Size: 1M
 Heap Min Capacity: 8M
 Heap Initial Capacity: 254M
 Heap Max Capacity: 2G
 Pre-touch: Disabled
 Parallel Workers: 13
 Concurrent Workers: 3
 Concurrent Refinement Workers: 13
 Periodic GC: Disabled
Heap:
 garbage-first heap   total 329728K, used 223305K [0x0000000080000000, 0x0000000100000000)
  region size 1024K, 106 young (108544K), 8 survivors (8192K)
 Metaspace       used 107146K, committed 107968K, reserved 1179648K
  class space    used 14446K, committed 14848K, reserved 1048576K
GC Heap History (20 events):
Event: 4.154 GC heap before
{Heap before GC invocations=24 (full 0):
 garbage-first heap   total 124928K, used 100261K [0x0000000080000000, 0x0000000100000000)
  region size 1024K, 38 young (38912K), 1 survivors (1024K)
 Metaspace       used 72913K, committed 73536K, reserved 1114112K
  class space    used 9912K, committed 10240K, reserved 1048576K
}
Event: 4.157 GC heap after
{Heap after GC invocations=25 (full 0):
 garbage-first heap   total 249856K, used 63256K [0x0000000080000000, 0x0000000100000000)
  region size 1024K, 2 young (2048K), 2 survivors (2048K)
 Metaspace       used 72913K, committed 73536K, reserved 1114112K
  class space    used 9912K, committed 10240K, reserved 1048576K
}
Event: 4.789 GC heap before
{Heap before GC invocations=26 (full 0):
 garbage-first heap   total 225280K, used 184088K [0x0000000080000000, 0x0000000100000000)
  region size 1024K, 119 young (121856K), 2 survivors (2048K)
 Metaspace       used 81644K, committed 82240K, reserved 1179648K
  class space    used 11279K, committed 11584K, reserved 1048576K
}
Event: 4.792 GC heap after
{Heap after GC invocations=27 (full 0):
 garbage-first heap   total 225280K, used 69351K [0x0000000080000000, 0x0000000100000000)
  region size 1024K, 8 young (8192K), 8 survivors (8192K)
 Metaspace       used 81644K, committed 82240K, reserved 1179648K
  class space    used 11279K, committed 11584K, reserved 1048576K
}
Event: 4.809 GC heap before
{Heap before GC invocations=27 (full 0):
 garbage-first heap   total 225280K, used 72423K [0x0000000080000000, 0x0000000100000000)
  region size 1024K, 11 young (11264K), 8 survivors (8192K)
 Metaspace       used 81860K, committed 82496K, reserved 1179648K
  class space    used 11322K, committed 11648K, reserved 1048576K
}
Event: 4.812 GC heap after
{Heap after GC invocations=28 (full 0):
 garbage-first heap   total 225280K, used 70384K [0x0000000080000000, 0x0000000100000000)
  region size 1024K, 2 young (2048K), 2 survivors (2048K)
 Metaspace       used 81860K, committed 82496K, reserved 1179648K
  class space    used 11322K, committed 11648K, reserved 1048576K
}
Event: 5.376 GC heap before
{Heap before GC invocations=28 (full 0):
 garbage-first heap   total 225280K, used 170736K [0x0000000080000000, 0x0000000100000000)
  region size 1024K, 100 young (102400K), 2 survivors (2048K)
 Metaspace       used 89648K, committed 90304K, reserved 1179648K
  class space    used 12472K, committed 12800K, reserved 1048576K
}
Event: 5.378 GC heap after
{Heap after GC invocations=29 (full 0):
 garbage-first heap   total 225280K, used 74490K [0x0000000080000000, 0x0000000100000000)
  region size 1024K, 6 young (6144K), 6 survivors (6144K)
 Metaspace       used 89648K, committed 90304K, reserved 1179648K
  class space    used 12472K, committed 12800K, reserved 1048576K
}
Event: 5.943 GC heap before
{Heap before GC invocations=29 (full 0):
 garbage-first heap   total 225280K, used 174842K [0x0000000080000000, 0x0000000100000000)
  region size 1024K, 104 young (106496K), 6 survivors (6144K)
 Metaspace       used 94454K, committed 95232K, reserved 1179648K
  class space    used 13142K, committed 13504K, reserved 1048576K
}
Event: 5.947 GC heap after
{Heap after GC invocations=30 (full 0):
 garbage-first heap   total 225280K, used 82973K [0x0000000080000000, 0x0000000100000000)
  region size 1024K, 13 young (13312K), 13 survivors (13312K)
 Metaspace       used 94454K, committed 95232K, reserved 1179648K
  class space    used 13142K, committed 13504K, reserved 1048576K
}
Event: 6.555 GC heap before
{Heap before GC invocations=30 (full 0):
 garbage-first heap   total 225280K, used 184349K [0x0000000080000000, 0x0000000100000000)
  region size 1024K, 106 young (108544K), 13 survivors (13312K)
 Metaspace       used 98450K, committed 99200K, reserved 1179648K
  class space    used 13566K, committed 13888K, reserved 1048576K
}
Event: 6.562 GC heap after
{Heap after GC invocations=31 (full 0):
 garbage-first heap   total 225280K, used 102492K [0x0000000080000000, 0x0000000100000000)
  region size 1024K, 14 young (14336K), 14 survivors (14336K)
 Metaspace       used 98450K, committed 99200K, reserved 1179648K
  class space    used 13566K, committed 13888K, reserved 1048576K
}
Event: 6.974 GC heap before
{Heap before GC invocations=31 (full 0):
 garbage-first heap   total 225280K, used 192604K [0x0000000080000000, 0x0000000100000000)
  region size 1024K, 79 young (80896K), 14 survivors (14336K)
 Metaspace       used 99465K, committed 100224K, reserved 1179648K
  class space    used 13670K, committed 14016K, reserved 1048576K
}
Event: 6.979 GC heap after
{Heap after GC invocations=32 (full 0):
 garbage-first heap   total 225280K, used 109322K [0x0000000080000000, 0x0000000100000000)
  region size 1024K, 7 young (7168K), 7 survivors (7168K)
 Metaspace       used 99465K, committed 100224K, reserved 1179648K
  class space    used 13670K, committed 14016K, reserved 1048576K
}
Event: 7.234 GC heap before
{Heap before GC invocations=32 (full 0):
 garbage-first heap   total 225280K, used 170762K [0x0000000080000000, 0x0000000100000000)
  region size 1024K, 68 young (69632K), 7 survivors (7168K)
 Metaspace       used 102291K, committed 103104K, reserved 1179648K
  class space    used 13935K, committed 14336K, reserved 1048576K
}
Event: 7.238 GC heap after
{Heap after GC invocations=33 (full 0):
 garbage-first heap   total 225280K, used 115516K [0x0000000080000000, 0x0000000100000000)
  region size 1024K, 7 young (7168K), 7 survivors (7168K)
 Metaspace       used 102291K, committed 103104K, reserved 1179648K
  class space    used 13935K, committed 14336K, reserved 1048576K
}
Event: 7.413 GC heap before
{Heap before GC invocations=33 (full 0):
 garbage-first heap   total 225280K, used 174908K [0x0000000080000000, 0x0000000100000000)
  region size 1024K, 66 young (67584K), 7 survivors (7168K)
 Metaspace       used 103233K, committed 104064K, reserved 1179648K
  class space    used 14043K, committed 14464K, reserved 1048576K
}
Event: 7.418 GC heap after
{Heap after GC invocations=34 (full 0):
 garbage-first heap   total 225280K, used 120224K [0x0000000080000000, 0x0000000100000000)
  region size 1024K, 8 young (8192K), 8 survivors (8192K)
 Metaspace       used 103233K, committed 104064K, reserved 1179648K
  class space    used 14043K, committed 14464K, reserved 1048576K
}
Event: 7.566 GC heap before
{Heap before GC invocations=34 (full 0):
 garbage-first heap   total 225280K, used 176544K [0x0000000080000000, 0x0000000100000000)
  region size 1024K, 64 young (65536K), 8 survivors (8192K)
 Metaspace       used 104609K, committed 105472K, reserved 1179648K
  class space    used 14173K, committed 14592K, reserved 1048576K
}
Event: 7.570 GC heap after
{Heap after GC invocations=35 (full 0):
 garbage-first heap   total 329728K, used 125001K [0x0000000080000000, 0x0000000100000000)
  region size 1024K, 8 young (8192K), 8 survivors (8192K)
 Metaspace       used 104609K, committed 105472K, reserved 1179648K
  class space    used 14173K, committed 14592K, reserved 1048576K
}

