# JRE version: OpenJDK Runtime Environment (17.0.11) (build 17.0.11+0--11852314)
# Java VM: OpenJDK 64-Bit Server VM (17.0.11+0--11852314, mixed mode, tiered, compressed oops, compressed class ptrs, g1 gc, windows-amd64)
GC Precious Log:
 CPUs: 16 total, 16 available
 Memory: 16108M
 Large Page Support: Disabled
 NUMA Support: Disabled
 Compressed Oops: Enabled (32-bit)
 Heap Region Size: 1M
 Heap Min Capacity: 8M
 Heap Initial Capacity: 252M
 Heap Max Capacity: 2G
 Pre-touch: Disabled
 Parallel Workers: 13
 Concurrent Workers: 3
 Concurrent Refinement Workers: 13
 Periodic GC: Disabled
Heap:
 garbage-first heap   total 262144K, used 115152K [0x0000000080000000, 0x0000000100000000)
  region size 1024K, 6 young (6144K), 6 survivors (6144K)
 Metaspace       used 98109K, committed 98880K, reserved 1179648K
  class space    used 13516K, committed 13888K, reserved 1048576K
GC Heap History (20 events):
Event: 4.232 GC heap after
{Heap after GC invocations=26 (full 0):
 garbage-first heap   total 187392K, used 65684K [0x0000000080000000, 0x0000000100000000)
  region size 1024K, 2 young (2048K), 2 survivors (2048K)
 Metaspace       used 74067K, committed 74688K, reserved 1114112K
  class space    used 10052K, committed 10368K, reserved 1048576K
}
Event: 4.659 GC heap before
{Heap before GC invocations=27 (full 0):
 garbage-first heap   total 187392K, used 153748K [0x0000000080000000, 0x0000000100000000)
  region size 1024K, 89 young (91136K), 2 survivors (2048K)
 Metaspace       used 79870K, committed 80448K, reserved 1179648K
  class space    used 10919K, committed 11200K, reserved 1048576K
}
Event: 4.662 GC heap after
{Heap after GC invocations=28 (full 0):
 garbage-first heap   total 187392K, used 68913K [0x0000000080000000, 0x0000000100000000)
  region size 1024K, 7 young (7168K), 7 survivors (7168K)
 Metaspace       used 79870K, committed 80448K, reserved 1179648K
  class space    used 10919K, committed 11200K, reserved 1048576K
}
Event: 4.674 GC heap before
{Heap before GC invocations=28 (full 0):
 garbage-first heap   total 187392K, used 70961K [0x0000000080000000, 0x0000000100000000)
  region size 1024K, 9 young (9216K), 7 survivors (7168K)
 Metaspace       used 80039K, committed 80640K, reserved 1179648K
  class space    used 10952K, committed 11264K, reserved 1048576K
}
Event: 4.677 GC heap after
{Heap after GC invocations=29 (full 0):
 garbage-first heap   total 187392K, used 69108K [0x0000000080000000, 0x0000000100000000)
  region size 1024K, 1 young (1024K), 1 survivors (1024K)
 Metaspace       used 80039K, committed 80640K, reserved 1179648K
  class space    used 10952K, committed 11264K, reserved 1048576K
}
Event: 5.121 GC heap before
{Heap before GC invocations=29 (full 0):
 garbage-first heap   total 187392K, used 145908K [0x0000000080000000, 0x0000000100000000)
  region size 1024K, 76 young (77824K), 1 survivors (1024K)
 Metaspace       used 85915K, committed 86592K, reserved 1179648K
  class space    used 11879K, committed 12224K, reserved 1048576K
}
Event: 5.123 GC heap after
{Heap after GC invocations=30 (full 0):
 garbage-first heap   total 187392K, used 72306K [0x0000000080000000, 0x0000000100000000)
  region size 1024K, 5 young (5120K), 5 survivors (5120K)
 Metaspace       used 85915K, committed 86592K, reserved 1179648K
  class space    used 11879K, committed 12224K, reserved 1048576K
}
Event: 5.723 GC heap before
{Heap before GC invocations=30 (full 0):
 garbage-first heap   total 187392K, used 149106K [0x0000000080000000, 0x0000000100000000)
  region size 1024K, 80 young (81920K), 5 survivors (5120K)
 Metaspace       used 92088K, committed 92736K, reserved 1179648K
  class space    used 12779K, committed 13120K, reserved 1048576K
}
Event: 5.727 GC heap after
{Heap after GC invocations=31 (full 0):
 garbage-first heap   total 187392K, used 76500K [0x0000000080000000, 0x0000000100000000)
  region size 1024K, 9 young (9216K), 9 survivors (9216K)
 Metaspace       used 92088K, committed 92736K, reserved 1179648K
  class space    used 12779K, committed 13120K, reserved 1048576K
}
Event: 6.172 GC heap before
{Heap before GC invocations=32 (full 0):
 garbage-first heap   total 187392K, used 151252K [0x0000000080000000, 0x0000000100000000)
  region size 1024K, 82 young (83968K), 9 survivors (9216K)
 Metaspace       used 94202K, committed 94912K, reserved 1179648K
  class space    used 13141K, committed 13504K, reserved 1048576K
}
Event: 6.177 GC heap after
{Heap after GC invocations=33 (full 0):
 garbage-first heap   total 187392K, used 82050K [0x0000000080000000, 0x0000000100000000)
  region size 1024K, 10 young (10240K), 10 survivors (10240K)
 Metaspace       used 94202K, committed 94912K, reserved 1179648K
  class space    used 13141K, committed 13504K, reserved 1048576K
}
Event: 6.183 GC heap before
{Heap before GC invocations=33 (full 0):
 garbage-first heap   total 187392K, used 83074K [0x0000000080000000, 0x0000000100000000)
  region size 1024K, 11 young (11264K), 10 survivors (10240K)
 Metaspace       used 94202K, committed 94912K, reserved 1179648K
  class space    used 13141K, committed 13504K, reserved 1048576K
}
Event: 6.186 GC heap after
{Heap after GC invocations=34 (full 0):
 garbage-first heap   total 187392K, used 82109K [0x0000000080000000, 0x0000000100000000)
  region size 1024K, 2 young (2048K), 2 survivors (2048K)
 Metaspace       used 94202K, committed 94912K, reserved 1179648K
  class space    used 13141K, committed 13504K, reserved 1048576K
}
Event: 6.344 GC heap before
{Heap before GC invocations=34 (full 0):
 garbage-first heap   total 187392K, used 101565K [0x0000000080000000, 0x0000000100000000)
  region size 1024K, 23 young (23552K), 2 survivors (2048K)
 Metaspace       used 94552K, committed 95232K, reserved 1179648K
  class space    used 13192K, committed 13504K, reserved 1048576K
}
Event: 6.346 GC heap after
{Heap after GC invocations=35 (full 0):
 garbage-first heap   total 187392K, used 84413K [0x0000000080000000, 0x0000000100000000)
  region size 1024K, 4 young (4096K), 4 survivors (4096K)
 Metaspace       used 94552K, committed 95232K, reserved 1179648K
  class space    used 13192K, committed 13504K, reserved 1048576K
}
Event: 7.336 GC heap before
{Heap before GC invocations=36 (full 0):
 garbage-first heap   total 187392K, used 165309K [0x0000000080000000, 0x0000000100000000)
  region size 1024K, 69 young (70656K), 4 survivors (4096K)
 Metaspace       used 98011K, committed 98752K, reserved 1179648K
  class space    used 13509K, committed 13888K, reserved 1048576K
}
Event: 7.342 GC heap after
{Heap after GC invocations=37 (full 0):
 garbage-first heap   total 191488K, used 106250K [0x0000000080000000, 0x0000000100000000)
  region size 1024K, 9 young (9216K), 9 survivors (9216K)
 Metaspace       used 98011K, committed 98752K, reserved 1179648K
  class space    used 13509K, committed 13888K, reserved 1048576K
}
Event: 7.349 GC heap before
{Heap before GC invocations=37 (full 0):
 garbage-first heap   total 191488K, used 107274K [0x0000000080000000, 0x0000000100000000)
  region size 1024K, 10 young (10240K), 9 survivors (9216K)
 Metaspace       used 98012K, committed 98752K, reserved 1179648K
  class space    used 13509K, committed 13888K, reserved 1048576K
}
Event: 7.353 GC heap after
{Heap after GC invocations=38 (full 0):
 garbage-first heap   total 191488K, used 106087K [0x0000000080000000, 0x0000000100000000)
  region size 1024K, 2 young (2048K), 2 survivors (2048K)
 Metaspace       used 98012K, committed 98752K, reserved 1179648K
  class space    used 13509K, committed 13888K, reserved 1048576K
}
Event: 7.523 GC heap before
{Heap before GC invocations=38 (full 0):
 garbage-first heap   total 191488K, used 140903K [0x0000000080000000, 0x0000000100000000)
  region size 1024K, 38 young (38912K), 2 survivors (2048K)
 Metaspace       used 98109K, committed 98880K, reserved 1179648K
  class space    used 13516K, committed 13888K, reserved 1048576K
}

